<?xml version="1.0" encoding="UTF-8"?>
<robot generator="Robot 7.4.1 (Python 3.11.3 on win32)" generated="2026-02-20T10:40:53.930864" rpa="false" schemaversion="5">
<suite id="s1" name="Labsession2" source="C:\Users\KIIT\Desktop\Robort_framework\labsession\feb20\labsession2.robot">
<test id="s1-t1" name="Verify radio buttons" line="9">
<kw name="Open Browser" owner="SeleniumLibrary">
<msg time="2026-02-20T10:40:54.680801" level="INFO">Opening browser 'firefox' to base url 'https://www.tutorialspoint.com/selenium/practice/droppable.php'.</msg>
<arg>${url}</arg>
<arg>firefox</arg>
<doc>Opens a new browser instance to the optional ``url``.</doc>
<status status="PASS" start="2026-02-20T10:40:54.680801" elapsed="9.067823"/>
</kw>
<kw name="Maximize Browser Window" owner="SeleniumLibrary">
<doc>Maximizes current browser window.</doc>
<status status="PASS" start="2026-02-20T10:41:03.749643" elapsed="0.273682"/>
</kw>
<kw name="Sleep" owner="BuiltIn">
<msg time="2026-02-20T10:41:07.024885" level="INFO">Slept 3 seconds.</msg>
<arg>3s</arg>
<doc>Pauses the test executed for the given time.</doc>
<status status="PASS" start="2026-02-20T10:41:04.023325" elapsed="3.001560"/>
</kw>
<kw name="Wait Until Element Is Visible" owner="SeleniumLibrary">
<arg>xpath://div[@id='draggable']</arg>
<doc>Waits until the element ``locator`` is visible.</doc>
<status status="PASS" start="2026-02-20T10:41:07.025405" elapsed="0.120031"/>
</kw>
<kw name="Sleep" owner="BuiltIn">
<msg time="2026-02-20T10:41:09.146753" level="INFO">Slept 2 seconds.</msg>
<arg>2s</arg>
<doc>Pauses the test executed for the given time.</doc>
<status status="PASS" start="2026-02-20T10:41:07.145436" elapsed="2.001844"/>
</kw>
<kw name="Drag And Drop" owner="SeleniumLibrary">
<arg>xpath://div[@id='draggable']</arg>
<arg>xpath://div[@id='droppable']</arg>
<doc>Drags the element identified by ``locator`` into the ``target`` element.</doc>
<status status="PASS" start="2026-02-20T10:41:09.147280" elapsed="0.549147"/>
</kw>
<kw name="Sleep" owner="BuiltIn">
<msg time="2026-02-20T10:41:11.698000" level="INFO">Slept 2 seconds.</msg>
<arg>2s</arg>
<doc>Pauses the test executed for the given time.</doc>
<status status="PASS" start="2026-02-20T10:41:09.696427" elapsed="2.002085"/>
</kw>
<kw name="Close Browser" owner="SeleniumLibrary">
<doc>Closes the current browser.</doc>
<status status="PASS" start="2026-02-20T10:41:11.698512" elapsed="2.908627"/>
</kw>
<status status="PASS" start="2026-02-20T10:40:54.679267" elapsed="19.929345"/>
</test>
<status status="PASS" start="2026-02-20T10:40:53.933092" elapsed="20.676559"/>
</suite>
<statistics>
<total>
<stat pass="1" fail="0" skip="0">All Tests</stat>
</total>
<tag>
</tag>
<suite>
<stat name="Labsession2" id="s1" pass="1" fail="0" skip="0">Labsession2</stat>
</suite>
</statistics>
<errors>
</errors>
</robot>
