<?xml version="1.0" encoding="UTF-8"?>
<robot generator="Robot 7.4.1 (Python 3.11.3 on win32)" generated="2026-02-20T15:04:59.147635" rpa="false" schemaversion="5">
<suite id="s1" name="Labsession3" source="C:\Users\KIIT\Desktop\Robort_framework\labsession\feb20\labsession3.robot">
<test id="s1-t1" name="Verify iframe" line="9">
<kw name="Open Browser" owner="SeleniumLibrary">
<msg time="2026-02-20T15:04:59.588474" level="INFO">Opening browser 'firefox' to base url 'https://www.tutorialspoint.com/selenium/practice/frames.php'.</msg>
<arg>${url}</arg>
<arg>firefox</arg>
<doc>Opens a new browser instance to the optional ``url``.</doc>
<status status="PASS" start="2026-02-20T15:04:59.588474" elapsed="9.897540"/>
</kw>
<kw name="Maximize Browser Window" owner="SeleniumLibrary">
<doc>Maximizes current browser window.</doc>
<status status="PASS" start="2026-02-20T15:05:09.486014" elapsed="0.308394"/>
</kw>
<kw name="Set Selenium Implicit Wait" owner="SeleniumLibrary">
<arg>3s</arg>
<doc>Sets the implicit wait value used by Selenium.</doc>
<status status="PASS" start="2026-02-20T15:05:09.795421" elapsed="0.005265"/>
</kw>
<kw name="Select Frame" owner="SeleniumLibrary">
<msg time="2026-02-20T15:05:09.801680" level="INFO">Selecting frame 'xpath://body//main//iframe[1]'.</msg>
<arg>xpath://body//main//iframe[1]</arg>
<doc>Sets frame identified by ``locator`` as the current frame.</doc>
<status status="PASS" start="2026-02-20T15:05:09.800686" elapsed="0.035869"/>
</kw>
<kw name="Sleep" owner="BuiltIn">
<msg time="2026-02-20T15:05:11.848935" level="INFO">Slept 2 seconds.</msg>
<arg>2s</arg>
<doc>Pauses the test executed for the given time.</doc>
<status status="PASS" start="2026-02-20T15:05:09.836555" elapsed="2.012380"/>
</kw>
<kw name="Get Text" owner="SeleniumLibrary">
<msg time="2026-02-20T15:05:11.887071" level="INFO">${text1} = Selenium - Automation Practice Form
Selenium Tutorial
New Tab
Sample New Tab</msg>
<var>${text1}</var>
<arg>xpath://body</arg>
<doc>Returns the text value of the element identified by ``locator``.</doc>
<status status="PASS" start="2026-02-20T15:05:11.852937" elapsed="0.034134"/>
</kw>
<kw name="Sleep" owner="BuiltIn">
<msg time="2026-02-20T15:05:13.888372" level="INFO">Slept 2 seconds.</msg>
<arg>2s</arg>
<doc>Pauses the test executed for the given time.</doc>
<status status="PASS" start="2026-02-20T15:05:11.887071" elapsed="2.001301"/>
</kw>
<kw name="Log To Console" owner="BuiltIn">
<arg>Frame 1 Text:</arg>
<doc>Logs the given message to the console.</doc>
<status status="PASS" start="2026-02-20T15:05:13.888372" elapsed="0.001421"/>
</kw>
<kw name="Log To Console" owner="BuiltIn">
<arg>${text1}</arg>
<doc>Logs the given message to the console.</doc>
<status status="PASS" start="2026-02-20T15:05:13.889793" elapsed="0.001564"/>
</kw>
<kw name="Unselect Frame" owner="SeleniumLibrary">
<doc>Sets the main frame as the current frame.</doc>
<status status="PASS" start="2026-02-20T15:05:13.891357" elapsed="0.004098"/>
</kw>
<kw name="Select Frame" owner="SeleniumLibrary">
<msg time="2026-02-20T15:05:13.895455" level="INFO">Selecting frame 'xpath://body//main//iframe[2]'.</msg>
<arg>xpath://body//main//iframe[2]</arg>
<doc>Sets frame identified by ``locator`` as the current frame.</doc>
<status status="PASS" start="2026-02-20T15:05:13.895455" elapsed="0.008113"/>
</kw>
<kw name="Sleep" owner="BuiltIn">
<msg time="2026-02-20T15:05:15.905897" level="INFO">Slept 2 seconds.</msg>
<arg>2s</arg>
<doc>Pauses the test executed for the given time.</doc>
<status status="PASS" start="2026-02-20T15:05:13.905586" elapsed="2.000311"/>
</kw>
<kw name="Get Text" owner="SeleniumLibrary">
<msg time="2026-02-20T15:05:15.945495" level="INFO">${text2} = Selenium - Automation Practice Form
Selenium Tutorial
New Tab
Sample New Tab</msg>
<var>${text2}</var>
<arg>xpath://body</arg>
<doc>Returns the text value of the element identified by ``locator``.</doc>
<status status="PASS" start="2026-02-20T15:05:15.905897" elapsed="0.039598"/>
</kw>
<kw name="Sleep" owner="BuiltIn">
<msg time="2026-02-20T15:05:17.946936" level="INFO">Slept 2 seconds.</msg>
<arg>2s</arg>
<doc>Pauses the test executed for the given time.</doc>
<status status="PASS" start="2026-02-20T15:05:15.945495" elapsed="2.001441"/>
</kw>
<kw name="Log To Console" owner="BuiltIn">
<arg>Frame 2 Text:</arg>
<doc>Logs the given message to the console.</doc>
<status status="PASS" start="2026-02-20T15:05:17.947462" elapsed="0.000000"/>
</kw>
<kw name="Log To Console" owner="BuiltIn">
<arg>${text2}</arg>
<doc>Logs the given message to the console.</doc>
<status status="PASS" start="2026-02-20T15:05:17.948474" elapsed="0.000000"/>
</kw>
<kw name="Unselect Frame" owner="SeleniumLibrary">
<doc>Sets the main frame as the current frame.</doc>
<status status="PASS" start="2026-02-20T15:05:17.949477" elapsed="0.004883"/>
</kw>
<kw name="Close Browser" owner="SeleniumLibrary">
<doc>Closes the current browser.</doc>
<status status="PASS" start="2026-02-20T15:05:17.955361" elapsed="3.237869"/>
</kw>
<status status="PASS" start="2026-02-20T15:04:59.585944" elapsed="21.607286"/>
</test>
<status status="PASS" start="2026-02-20T15:04:59.149699" elapsed="22.044562"/>
</suite>
<statistics>
<total>
<stat pass="1" fail="0" skip="0">All Tests</stat>
</total>
<tag>
</tag>
<suite>
<stat name="Labsession3" id="s1" pass="1" fail="0" skip="0">Labsession3</stat>
</suite>
</statistics>
<errors>
</errors>
</robot>
