<?xml version="1.0" encoding="UTF-8"?>
<robot generator="Robot 7.4.1 (Python 3.11.3 on win32)" generated="2026-02-20T10:34:40.253383" rpa="false" schemaversion="5">
<suite id="s1" name="Labsession3" source="C:\Users\KIIT\Desktop\Robort_framework\labsession\feb19\labsession3.robot">
<test id="s1-t1" name="labsession" line="6">
<kw name="Open Browser" owner="SeleniumLibrary">
<msg time="2026-02-20T10:34:40.531881" level="INFO">Opening browser 'firefox' to base url 'https://www.saucedemo.com/'.</msg>
<arg>${url}</arg>
<arg>firefox</arg>
<doc>Opens a new browser instance to the optional ``url``.</doc>
<status status="PASS" start="2026-02-20T10:34:40.531362" elapsed="8.050445"/>
</kw>
<kw name="Maximize Browser Window" owner="SeleniumLibrary">
<doc>Maximizes current browser window.</doc>
<status status="PASS" start="2026-02-20T10:34:48.581807" elapsed="0.280432"/>
</kw>
<kw name="Wait Until Element Is Visible" owner="SeleniumLibrary">
<arg>xpath://input[@id='user-name']</arg>
<doc>Waits until the element ``locator`` is visible.</doc>
<status status="PASS" start="2026-02-20T10:34:48.862239" elapsed="0.060819"/>
</kw>
<kw name="Input Text" owner="SeleniumLibrary">
<msg time="2026-02-20T10:34:48.924042" level="INFO">Typing text 'standard_user' into text field 'xpath://input[@id='user-name']'.</msg>
<arg>xpath://input[@id='user-name']</arg>
<arg>standard_user</arg>
<doc>Types the given ``text`` into the text field identified by ``locator``.</doc>
<status status="PASS" start="2026-02-20T10:34:48.924042" elapsed="0.084205"/>
</kw>
<kw name="Input Text" owner="SeleniumLibrary">
<msg time="2026-02-20T10:34:49.009250" level="INFO">Typing text 'secret_sauce' into text field 'xpath://input[@id='password']'.</msg>
<arg>xpath://input[@id='password']</arg>
<arg>secret_sauce</arg>
<doc>Types the given ``text`` into the text field identified by ``locator``.</doc>
<status status="PASS" start="2026-02-20T10:34:49.008247" elapsed="0.055421"/>
</kw>
<kw name="Click Element" owner="SeleniumLibrary">
<msg time="2026-02-20T10:34:49.065176" level="INFO">Clicking element 'xpath://input[@id='login-button']'.</msg>
<arg>xpath://input[@id='login-button']</arg>
<doc>Click the element identified by ``locator``.</doc>
<status status="PASS" start="2026-02-20T10:34:49.065176" elapsed="0.136333"/>
</kw>
<kw name="Wait Until Element Is Visible" owner="SeleniumLibrary">
<arg>xpath://div[@class='app_logo']</arg>
<doc>Waits until the element ``locator`` is visible.</doc>
<status status="PASS" start="2026-02-20T10:34:49.201509" elapsed="0.019006"/>
</kw>
<kw name="Sleep" owner="BuiltIn">
<msg time="2026-02-20T10:34:51.223167" level="INFO">Slept 2 seconds.</msg>
<arg>2s</arg>
<doc>Pauses the test executed for the given time.</doc>
<status status="PASS" start="2026-02-20T10:34:49.220515" elapsed="2.002652"/>
</kw>
<kw name="Click Element" owner="SeleniumLibrary">
<msg time="2026-02-20T10:34:51.228633" level="INFO">Clicking element 'xpath://button[@id='add-to-cart-sauce-labs-backpack']'.</msg>
<arg>xpath://button[@id='add-to-cart-sauce-labs-backpack']</arg>
<doc>Click the element identified by ``locator``.</doc>
<status status="PASS" start="2026-02-20T10:34:51.225939" elapsed="0.140267"/>
</kw>
<kw name="Sleep" owner="BuiltIn">
<msg time="2026-02-20T10:34:53.375321" level="INFO">Slept 2 seconds.</msg>
<arg>2s</arg>
<doc>Pauses the test executed for the given time.</doc>
<status status="PASS" start="2026-02-20T10:34:51.370910" elapsed="2.005375"/>
</kw>
<kw name="Click Element" owner="SeleniumLibrary">
<msg time="2026-02-20T10:34:53.380303" level="INFO">Clicking element 'xpath://button[@id='add-to-cart-sauce-labs-bike-light']'.</msg>
<arg>xpath://button[@id='add-to-cart-sauce-labs-bike-light']</arg>
<doc>Click the element identified by ``locator``.</doc>
<status status="PASS" start="2026-02-20T10:34:53.378333" elapsed="0.230366"/>
</kw>
<kw name="Sleep" owner="BuiltIn">
<msg time="2026-02-20T10:34:55.615432" level="INFO">Slept 2 seconds.</msg>
<arg>2s</arg>
<doc>Pauses the test executed for the given time.</doc>
<status status="PASS" start="2026-02-20T10:34:53.611304" elapsed="2.004973"/>
</kw>
<kw name="Click Element" owner="SeleniumLibrary">
<msg time="2026-02-20T10:34:55.621735" level="INFO">Clicking element 'xpath://a[@class='shopping_cart_link']'.</msg>
<arg>xpath://a[@class='shopping_cart_link']</arg>
<doc>Click the element identified by ``locator``.</doc>
<status status="PASS" start="2026-02-20T10:34:55.618736" elapsed="0.259686"/>
</kw>
<kw name="Sleep" owner="BuiltIn">
<msg time="2026-02-20T10:34:57.885291" level="INFO">Slept 2 seconds.</msg>
<arg>2s</arg>
<doc>Pauses the test executed for the given time.</doc>
<status status="PASS" start="2026-02-20T10:34:55.881605" elapsed="2.003686"/>
</kw>
<kw name="Page Should Contain Element" owner="SeleniumLibrary">
<msg time="2026-02-20T10:34:57.963802" level="INFO">Current page contains element 'xpath://div[normalize-space()='Sauce Labs Backpack']'.</msg>
<arg>xpath://div[normalize-space()='Sauce Labs Backpack']</arg>
<doc>Verifies that element ``locator`` is found on the current page.</doc>
<status status="PASS" start="2026-02-20T10:34:57.889216" elapsed="0.075581"/>
</kw>
<kw name="Page Should Contain Element" owner="SeleniumLibrary">
<msg time="2026-02-20T10:34:58.022537" level="INFO">Current page contains element 'xpath://div[normalize-space()='Sauce Labs Bike Light']'.</msg>
<arg>xpath://div[normalize-space()='Sauce Labs Bike Light']</arg>
<doc>Verifies that element ``locator`` is found on the current page.</doc>
<status status="PASS" start="2026-02-20T10:34:57.967521" elapsed="0.055974"/>
</kw>
<kw name="Click Element" owner="SeleniumLibrary">
<msg time="2026-02-20T10:34:58.028271" level="INFO">Clicking element 'xpath://button[@id='checkout']'.</msg>
<arg>xpath://button[@id='checkout']</arg>
<doc>Click the element identified by ``locator``.</doc>
<status status="PASS" start="2026-02-20T10:34:58.025502" elapsed="0.623337"/>
</kw>
<kw name="Sleep" owner="BuiltIn">
<msg time="2026-02-20T10:35:00.656213" level="INFO">Slept 2 seconds.</msg>
<arg>2s</arg>
<doc>Pauses the test executed for the given time.</doc>
<status status="PASS" start="2026-02-20T10:34:58.653175" elapsed="2.003038"/>
</kw>
<kw name="Input Text" owner="SeleniumLibrary">
<msg time="2026-02-20T10:35:00.657247" level="INFO">Typing text 'Ayaskant' into text field 'xpath://input[@id='first-name']'.</msg>
<arg>xpath://input[@id='first-name']</arg>
<arg>Ayaskant</arg>
<doc>Types the given ``text`` into the text field identified by ``locator``.</doc>
<status status="PASS" start="2026-02-20T10:35:00.656213" elapsed="0.041332"/>
</kw>
<kw name="Sleep" owner="BuiltIn">
<msg time="2026-02-20T10:35:02.698815" level="INFO">Slept 2 seconds.</msg>
<arg>2s</arg>
<doc>Pauses the test executed for the given time.</doc>
<status status="PASS" start="2026-02-20T10:35:00.697545" elapsed="2.001270"/>
</kw>
<kw name="Input Text" owner="SeleniumLibrary">
<msg time="2026-02-20T10:35:02.699805" level="INFO">Typing text 'Dash' into text field 'xpath://input[@id='last-name']'.</msg>
<arg>xpath://input[@id='last-name']</arg>
<arg>Dash</arg>
<doc>Types the given ``text`` into the text field identified by ``locator``.</doc>
<status status="PASS" start="2026-02-20T10:35:02.699805" elapsed="0.027314"/>
</kw>
<kw name="Sleep" owner="BuiltIn">
<msg time="2026-02-20T10:35:04.728781" level="INFO">Slept 2 seconds.</msg>
<arg>2s</arg>
<doc>Pauses the test executed for the given time.</doc>
<status status="PASS" start="2026-02-20T10:35:02.727119" elapsed="2.001662"/>
</kw>
<kw name="Input Text" owner="SeleniumLibrary">
<msg time="2026-02-20T10:35:04.729790" level="INFO">Typing text '751024' into text field 'xpath://input[@id='postal-code']'.</msg>
<arg>xpath://input[@id='postal-code']</arg>
<arg>751024</arg>
<doc>Types the given ``text`` into the text field identified by ``locator``.</doc>
<status status="PASS" start="2026-02-20T10:35:04.728781" elapsed="0.040400"/>
</kw>
<kw name="Sleep" owner="BuiltIn">
<msg time="2026-02-20T10:35:06.770472" level="INFO">Slept 2 seconds.</msg>
<arg>2s</arg>
<doc>Pauses the test executed for the given time.</doc>
<status status="PASS" start="2026-02-20T10:35:04.770201" elapsed="2.000271"/>
</kw>
<kw name="Click Element" owner="SeleniumLibrary">
<msg time="2026-02-20T10:35:06.771779" level="INFO">Clicking element 'xpath://input[@id='continue']'.</msg>
<arg>xpath://input[@id='continue']</arg>
<doc>Click the element identified by ``locator``.</doc>
<status status="PASS" start="2026-02-20T10:35:06.770472" elapsed="0.077325"/>
</kw>
<kw name="Sleep" owner="BuiltIn">
<msg time="2026-02-20T10:35:08.849096" level="INFO">Slept 2 seconds.</msg>
<arg>2s</arg>
<doc>Pauses the test executed for the given time.</doc>
<status status="PASS" start="2026-02-20T10:35:06.848795" elapsed="2.000301"/>
</kw>
<kw name="Click Element" owner="SeleniumLibrary">
<msg time="2026-02-20T10:35:08.849650" level="INFO">Clicking element 'xpath://button[@id='finish']'.</msg>
<arg>xpath://button[@id='finish']</arg>
<doc>Click the element identified by ``locator``.</doc>
<status status="PASS" start="2026-02-20T10:35:08.849650" elapsed="0.071078"/>
</kw>
<kw name="Sleep" owner="BuiltIn">
<msg time="2026-02-20T10:35:10.922091" level="INFO">Slept 2 seconds.</msg>
<arg>2s</arg>
<doc>Pauses the test executed for the given time.</doc>
<status status="PASS" start="2026-02-20T10:35:08.920728" elapsed="2.001363"/>
</kw>
<kw name="Page Should Contain Element" owner="SeleniumLibrary">
<msg time="2026-02-20T10:35:10.927877" level="INFO">Current page contains element 'xpath://h2[normalize-space()='Thank you for your order!']'.</msg>
<arg>xpath://h2[normalize-space()='Thank you for your order!']</arg>
<doc>Verifies that element ``locator`` is found on the current page.</doc>
<status status="PASS" start="2026-02-20T10:35:10.923110" elapsed="0.004767"/>
</kw>
<kw name="Close Browser" owner="SeleniumLibrary">
<doc>Closes the current browser.</doc>
<status status="PASS" start="2026-02-20T10:35:10.928890" elapsed="2.849153"/>
</kw>
<status status="PASS" start="2026-02-20T10:34:40.529047" elapsed="33.250005"/>
</test>
<status status="PASS" start="2026-02-20T10:34:40.254386" elapsed="33.524666"/>
</suite>
<statistics>
<total>
<stat pass="1" fail="0" skip="0">All Tests</stat>
</total>
<tag>
</tag>
<suite>
<stat name="Labsession3" id="s1" pass="1" fail="0" skip="0">Labsession3</stat>
</suite>
</statistics>
<errors>
</errors>
</robot>
