<?xml version="1.0" encoding="UTF-8"?>
<robot generator="Robot 7.4.1 (Python 3.13.2 on win32)" generated="2026-02-21T17:27:47.624959" rpa="false" schemaversion="5">
<suite id="s1" name="Scroll" source="C:\Users\Hp\PycharmProjects\wiproRobotfw\Selenium\scroll.robot">
<test id="s1-t1" name="Verify scroll" line="10">
<kw name="Open Browser" owner="SeleniumLibrary">
<msg time="2026-02-21T17:27:47.933276" level="INFO">Opening browser 'chrome' to base url 'https://www.amazon.in/'.</msg>
<arg>${url}</arg>
<arg>chrome</arg>
<doc>Opens a new browser instance to the optional ``url``.</doc>
<status status="PASS" start="2026-02-21T17:27:47.932999" elapsed="2.211324"/>
</kw>
<kw name="Maximize Browser Window" owner="SeleniumLibrary">
<doc>Maximizes current browser window.</doc>
<status status="PASS" start="2026-02-21T17:27:50.146614" elapsed="0.911417"/>
</kw>
<kw name="Set Selenium Implicit Wait" owner="SeleniumLibrary">
<arg>5s</arg>
<doc>Sets the implicit wait value used by Selenium.</doc>
<status status="PASS" start="2026-02-21T17:27:51.058645" elapsed="0.002934"/>
</kw>
<kw name="Scroll Element Into View" owner="SeleniumLibrary">
<arg>xpath://div[normalize-space()='Make Money with Us']</arg>
<doc>Scrolls the element identified by ``locator`` into view.</doc>
<status status="PASS" start="2026-02-21T17:27:51.062032" elapsed="2.667783"/>
</kw>
<kw name="Sleep" owner="BuiltIn">
<msg time="2026-02-21T17:27:55.733317" level="INFO">Slept 2 seconds.</msg>
<arg>2s</arg>
<doc>Pauses the test executed for the given time.</doc>
<status status="PASS" start="2026-02-21T17:27:53.731428" elapsed="2.002417"/>
</kw>
<kw name="Click Element" owner="SeleniumLibrary">
<msg time="2026-02-21T17:27:55.735824" level="INFO">Clicking element 'xpath://div[normalize-space()='Make Money with Us']'.</msg>
<arg>xpath://div[normalize-space()='Make Money with Us']</arg>
<doc>Click the element identified by ``locator``.</doc>
<status status="PASS" start="2026-02-21T17:27:55.734899" elapsed="0.220010"/>
</kw>
<kw name="Sleep" owner="BuiltIn">
<msg time="2026-02-21T17:27:57.956249" level="INFO">Slept 2 seconds.</msg>
<arg>2s</arg>
<doc>Pauses the test executed for the given time.</doc>
<status status="PASS" start="2026-02-21T17:27:55.955641" elapsed="2.000850"/>
</kw>
<kw name="Title Should Be" owner="SeleniumLibrary">
<msg time="2026-02-21T17:27:57.967947" level="INFO">Page title is 'Online Shopping site in India: Shop Online for Mobiles, Books, Watches, Shoes and More - Amazon.in'.</msg>
<arg>Online Shopping site in India: Shop Online for Mobiles, Books, Watches, Shoes and More - Amazon.in</arg>
<doc>Verifies that the current page title equals ``title``.</doc>
<status status="PASS" start="2026-02-21T17:27:57.957297" elapsed="0.010880"/>
</kw>
<kw name="Close Browser" owner="SeleniumLibrary">
<doc>Closes the current browser.</doc>
<status status="PASS" start="2026-02-21T17:27:57.969105" elapsed="2.296757"/>
</kw>
<status status="PASS" start="2026-02-21T17:27:47.931633" elapsed="12.335838"/>
</test>
<status status="PASS" start="2026-02-21T17:27:47.626442" elapsed="12.644948"/>
</suite>
<statistics>
<total>
<stat pass="1" fail="0" skip="0">All Tests</stat>
</total>
<tag>
</tag>
<suite>
<stat name="Scroll" id="s1" pass="1" fail="0" skip="0">Scroll</stat>
</suite>
</statistics>
<errors>
</errors>
</robot>
